c:\users\hp pc\desktop\dsa project - updated\dsa project\x64\debug\vc141.pdb
c:\users\hp pc\desktop\dsa project - updated\dsa project\x64\debug\vc141.idb
c:\users\hp pc\desktop\dsa project - updated\dsa project\x64\debug\student.obj
c:\users\hp pc\desktop\dsa project - updated\dsa project\x64\debug\semester.obj
c:\users\hp pc\desktop\dsa project - updated\dsa project\x64\debug\node.obj
c:\users\hp pc\desktop\dsa project - updated\dsa project\x64\debug\globalfunctions.obj
c:\users\hp pc\desktop\dsa project - updated\dsa project\x64\debug\driver.obj
c:\users\hp pc\desktop\dsa project - updated\dsa project\x64\debug\date.obj
c:\users\hp pc\desktop\dsa project - updated\dsa project\x64\debug\course.obj
c:\users\hp pc\desktop\dsa project - updated\dsa project\x64\debug\binarysearchtree.obj
c:\users\hp pc\desktop\work files\dsa project - updated\dsa project\x64\debug\vc141.pdb
c:\users\hp pc\desktop\work files\dsa project - updated\dsa project\x64\debug\vc141.idb
c:\users\hp pc\desktop\work files\dsa project - updated\dsa project\x64\debug\student.obj
c:\users\hp pc\desktop\work files\dsa project - updated\dsa project\x64\debug\semester.obj
c:\users\hp pc\desktop\work files\dsa project - updated\dsa project\x64\debug\node.obj
c:\users\hp pc\desktop\work files\dsa project - updated\dsa project\x64\debug\globalfunctions.obj
c:\users\hp pc\desktop\work files\dsa project - updated\dsa project\x64\debug\driver.obj
c:\users\hp pc\desktop\work files\dsa project - updated\dsa project\x64\debug\date.obj
c:\users\hp pc\desktop\work files\dsa project - updated\dsa project\x64\debug\course.obj
c:\users\hp pc\desktop\work files\dsa project - updated\dsa project\x64\debug\binarysearchtree.obj
c:\users\hp pc\desktop\work files\dsa project - updated - copy\dsa project\x64\debug\vc141.pdb
c:\users\hp pc\desktop\work files\dsa project - updated - copy\dsa project\x64\debug\vc141.idb
c:\users\hp pc\desktop\work files\dsa project - updated - copy\dsa project\x64\debug\student.obj
c:\users\hp pc\desktop\work files\dsa project - updated - copy\dsa project\x64\debug\node.obj
c:\users\hp pc\desktop\work files\dsa project - updated - copy\dsa project\x64\debug\globalfunctions.obj
c:\users\hp pc\desktop\work files\dsa project - updated - copy\dsa project\x64\debug\driver.obj
c:\users\hp pc\desktop\work files\dsa project - updated - copy\dsa project\x64\debug\date.obj
c:\users\hp pc\desktop\work files\dsa project - updated - copy\dsa project\x64\debug\course.obj
c:\users\hp pc\desktop\work files\dsa project - updated - copy\dsa project\x64\debug\binarysearchtree.obj
c:\users\hp pc\desktop\dsa project - updated\x64\debug\dsa project.exe
c:\users\hp pc\desktop\dsa project - updated\x64\debug\dsa project.ilk
c:\users\hp pc\desktop\dsa project - updated\x64\debug\dsa project.pdb
c:\users\hp pc\desktop\work files\dsa project - updated\x64\debug\dsa project.exe
c:\users\hp pc\desktop\work files\dsa project - updated\x64\debug\dsa project.ilk
c:\users\hp pc\desktop\work files\dsa project - updated\x64\debug\dsa project.pdb
c:\users\hp pc\desktop\work files\dsa project - updated - copy\x64\debug\dsa project.exe
c:\users\hp pc\desktop\work files\dsa project - updated - copy\x64\debug\dsa project.ilk
c:\users\hp pc\desktop\work files\dsa project - updated - copy\x64\debug\dsa project.pdb
c:\users\hp pc\desktop\work files\dsa project - updated - copy\dsa project\x64\debug\semester.obj
c:\users\hp pc\desktop\work files\dsa project - updated - copy\dsa project\x64\debug\globalfunctions.obj.enc
c:\users\hp pc\desktop\work files\dsa project - updated - copy\dsa project\x64\debug\dsa project.tlog\cl.command.1.tlog
c:\users\hp pc\desktop\work files\dsa project - updated - copy\dsa project\x64\debug\dsa project.tlog\cl.read.1.tlog
c:\users\hp pc\desktop\work files\dsa project - updated - copy\dsa project\x64\debug\dsa project.tlog\cl.write.1.tlog
c:\users\hp pc\desktop\work files\dsa project - updated - copy\dsa project\x64\debug\dsa project.tlog\link.command.1.tlog
c:\users\hp pc\desktop\work files\dsa project - updated - copy\dsa project\x64\debug\dsa project.tlog\link.read.1.tlog
c:\users\hp pc\desktop\work files\dsa project - updated - copy\dsa project\x64\debug\dsa project.tlog\link.write.1.tlog
